<?xml version="1.0" encoding="UTF-8"?>
<testng-results ignored="0" total="1" passed="1" failed="0" skipped="0">
  <reporter-output>
  </reporter-output>
  <suite started-at="2021-10-05T18:52:13 IST" name="Surefire suite" finished-at="2021-10-05T18:53:14 IST" duration-ms="61477">
    <groups>
    </groups>
    <test started-at="2021-10-05T18:52:13 IST" name="Surefire test" finished-at="2021-10-05T18:53:14 IST" duration-ms="61477">
      <class name="com.udhayanna.AppTest">
        <test-method signature="shouldAnswerWithTrue()" started-at="2021-10-05T18:53:14 IST" name="shouldAnswerWithTrue" finished-at="2021-10-05T18:53:14 IST" duration-ms="2" status="PASS">
          <reporter-output>
          </reporter-output>
        </test-method> <!-- shouldAnswerWithTrue -->
      </class> <!-- com.udhayanna.AppTest -->
    </test> <!-- Surefire test -->
  </suite> <!-- Surefire suite -->
</testng-results>
