<?xml version="1.0" encoding="UTF-8"?>
<testng-results ignored="0" total="1" passed="1" failed="0" skipped="0">
  <reporter-output>
  </reporter-output>
  <suite started-at="2021-10-05T17:11:16 IST" name="Surefire suite" finished-at="2021-10-05T17:12:01 IST" duration-ms="45683">
    <groups>
    </groups>
    <test started-at="2021-10-05T17:11:16 IST" name="Surefire test" finished-at="2021-10-05T17:12:01 IST" duration-ms="45683">
      <class name="com.udhayanna.AppTest">
        <test-method signature="shouldAnswerWithTrue()" started-at="2021-10-05T17:12:01 IST" name="shouldAnswerWithTrue" finished-at="2021-10-05T17:12:01 IST" duration-ms="4" status="PASS">
          <reporter-output>
          </reporter-output>
        </test-method> <!-- shouldAnswerWithTrue -->
      </class> <!-- com.udhayanna.AppTest -->
    </test> <!-- Surefire test -->
  </suite> <!-- Surefire suite -->
</testng-results>
